<?xml version="1.0" encoding="UTF-8"?>
<!-- Generated by org.testng.reporters.JUnitReportReporter -->
<testsuite skipped="0" hostname="DESKTOP-1LLLVQ7" name="testng.NewTest1" tests="1" failures="0" timestamp="16 Sep 2019 15:52:34 GMT" time="20.931" errors="0">
  <testcase name="verifytest" time="20.931" classname="testng.NewTest1"/>
</testsuite> <!-- testng.NewTest1 -->
